[176, 20, 0]
[176, 2, 125]
[176, 20, 0]
[176, 2, 125]
[176, 20, 0]
[176, 2, 125]
[176, 20, 0]
[176, 2, 125]
[176, 20, 0]
[176, 2, 125]
[176, 20, 0]
[176, 2, 125]
[176, 20, 0]
[176, 2, 125]
[176, 20, 0]
[176, 2, 125]
[176, 20, 0]
[176, 2, 125]
[176, 20, 0]
[176, 2, 125]
[176, 20, 0]
[176, 2, 125]
[176, 20, 0]
[176, 2, 125]
[176, 20, 0]
[176, 2, 125]
[176, 20, 0]
[176, 2, 125]
[176, 20, 0]
[176, 2, 125]
[176, 20, 0]
[176, 2, 125]
[176, 20, 0]
[176, 2, 125]
[176, 20, 0]
[176, 2, 125]
[176, 20, 0]
[176, 2, 125]
[176, 20, 0]
[176, 2, 125]
[176, 20, 0]
[176, 2, 125]
[176, 20, 0]
[176, 2, 125]
[176, 20, 0]
[176, 2, 125]
[176, 20, 0]
[176, 2, 125]
[176, 20, 0]
[176, 2, 125]
[176, 20, 0]
[176, 2, 125]
[176, 20, 0]
[176, 2, 125]
[176, 20, 0]
[176, 2, 125]
[176, 20, 0]
[176, 2, 125]
[176, 20, 0]
[176, 2, 125]
[176, 20, 0]
[176, 2, 125]
[176, 20, 0]
[176, 2, 125]
[176, 20, 0]
[176, 2, 125]
[176, 20, 0]
[176, 2, 125]
[176, 20, 0]
[176, 2, 125]
[176, 20, 0]
[176, 2, 125]
[176, 20, 0]
[176, 2, 125]
[176, 20, 0]
[176, 2, 125]
[176, 20, 0]
[176, 2, 125]
[176, 20, 0]
[176, 2, 125]
[176, 20, 0]
[176, 2, 125]
[176, 20, 0]
[176, 2, 125]
[176, 20, 0]
[176, 2, 125]
[176, 20, 0]
[176, 2, 125]
[176, 20, 0]
[176, 2, 125]
[176, 20, 0]
[176, 2, 125]
[176, 20, 0]
[176, 2, 125]
[176, 20, 0]
[176, 2, 125]
[176, 20, 0]
[176, 2, 125]
[176, 20, 0]
[176, 20, 2]
[176, 2, 125]
[176, 20, 7]
[176, 20, 9]
[176, 20, 10]
[176, 20, 9]
[176, 20, 11]
[176, 20, 12]
[176, 20, 6]
[176, 20, 0]
[176, 2, 125]
[176, 20, 2]
[176, 20, 9]
[176, 20, 12]
[176, 20, 13]
[176, 20, 14]
[176, 20, 15]
[176, 20, 14]
[176, 20, 15]
[176, 20, 14]
[176, 20, 15]
[176, 20, 14]
[176, 20, 15]
[176, 20, 14]
[176, 20, 15]
[176, 20, 14]
[176, 20, 15]
[176, 20, 14]
[176, 20, 15]
[176, 2, 125]
[176, 20, 14]
[176, 20, 15]
[176, 20, 14]
[176, 20, 15]
[176, 20, 14]
[176, 20, 15]
[176, 20, 14]
[176, 20, 15]
[176, 20, 14]
[176, 20, 15]
[176, 20, 16]
[176, 20, 15]
[176, 20, 14]
[176, 20, 15]
[176, 20, 16]
[176, 20, 15]
[176, 20, 16]
[176, 20, 15]
[176, 2, 125]
[176, 20, 16]
[176, 20, 15]
[176, 20, 16]
[176, 20, 15]
[176, 20, 14]
[176, 20, 15]
[176, 20, 16]
[176, 20, 15]
[176, 20, 16]
[176, 20, 15]
[176, 20, 16]
[176, 20, 15]
[176, 20, 16]
[176, 20, 15]
[176, 20, 16]
[176, 2, 125]
[176, 20, 15]
[176, 20, 16]
[176, 20, 15]
[176, 20, 16]
[176, 20, 15]
[176, 20, 16]
[176, 20, 15]
[176, 20, 14]
[176, 20, 13]
[176, 20, 14]
[176, 20, 15]
[176, 20, 19]
[176, 20, 26]
[176, 20, 31]
[176, 20, 32]
[176, 20, 26]
[176, 20, 19]
[176, 20, 13]
[176, 20, 7]
[176, 2, 125]
[176, 20, 4]
[176, 20, 1]
[176, 20, 0]
[176, 20, 1]
[176, 20, 2]
[176, 20, 3]
[176, 20, 4]
[176, 20, 5]
[176, 2, 125]
[176, 20, 6]
[176, 20, 7]
[176, 20, 8]
[176, 20, 9]
[176, 20, 10]
[176, 20, 11]
[176, 20, 13]
[176, 20, 14]
[176, 20, 15]
[176, 20, 17]
[176, 20, 18]
[176, 20, 19]
[176, 20, 20]
[176, 20, 21]
[176, 20, 22]
[176, 20, 23]
[176, 20, 25]
[176, 20, 27]
[176, 20, 28]
[176, 20, 29]
[176, 20, 30]
[176, 2, 125]
[176, 20, 32]
[176, 20, 33]
[176, 20, 34]
[176, 20, 35]
[176, 20, 36]
[176, 20, 37]
[176, 20, 38]
[176, 20, 39]
[176, 20, 38]
[176, 20, 39]
[176, 20, 38]
[176, 20, 39]
[176, 20, 38]
[176, 20, 37]
[176, 20, 36]
[176, 20, 37]
[176, 20, 36]
[176, 20, 37]
[176, 20, 38]
[176, 2, 125]
[176, 20, 39]
[176, 20, 38]
[176, 20, 39]
[176, 20, 38]
[176, 20, 37]
[176, 20, 34]
[176, 20, 32]
[176, 20, 30]
[176, 20, 28]
[176, 20, 26]
[176, 20, 27]
[176, 20, 26]
[176, 20, 25]
[176, 20, 24]
[176, 20, 23]
[176, 20, 22]
[176, 20, 21]
[176, 20, 20]
[176, 2, 125]
[176, 20, 21]
[176, 20, 20]
[176, 20, 21]
[176, 20, 22]
[176, 20, 23]
[176, 20, 24]
[176, 20, 25]
[176, 20, 27]
[176, 20, 28]
[176, 20, 30]
[176, 20, 31]
[176, 20, 30]
[176, 20, 31]
[176, 20, 32]
[176, 20, 31]
[176, 20, 32]
[176, 20, 33]
[176, 20, 32]
[176, 2, 125]
[176, 20, 33]
[176, 20, 34]
[176, 20, 35]
[176, 20, 34]
[176, 20, 35]
[176, 20, 34]
[176, 20, 35]
[176, 20, 34]
[176, 20, 35]
[176, 20, 36]
[176, 20, 37]
[176, 20, 38]
[176, 20, 39]
[176, 20, 38]
[176, 20, 39]
[176, 20, 40]
[176, 20, 41]
[176, 20, 42]
[176, 20, 43]
[176, 2, 125]
[176, 20, 44]
[176, 20, 43]
[176, 20, 42]
[176, 20, 41]
[176, 20, 39]
[176, 20, 38]
[176, 20, 36]
[176, 20, 34]
[176, 20, 33]
[176, 20, 30]
[176, 20, 28]
[176, 20, 25]
[176, 20, 22]
[176, 20, 18]
[176, 20, 16]
[176, 20, 13]
[176, 20, 10]
[176, 20, 8]
[176, 20, 7]
[176, 20, 5]
[176, 2, 125]
[176, 20, 3]
[176, 20, 2]
[176, 20, 1]
[176, 20, 0]
[176, 20, 1]
[176, 20, 2]
[176, 20, 3]
[176, 20, 4]
[176, 20, 5]
[176, 2, 125]
[176, 20, 6]
[176, 20, 7]
[176, 20, 6]
[176, 20, 7]
[176, 20, 8]
[176, 20, 9]
[176, 20, 10]
[176, 20, 11]
[176, 20, 10]
[176, 20, 12]
[176, 20, 13]
[176, 2, 125]
[176, 20, 14]
[176, 20, 13]
[176, 20, 14]
[176, 20, 15]
[176, 20, 16]
[176, 20, 17]
[176, 20, 18]
[176, 20, 19]
[176, 20, 20]
[176, 20, 22]
[176, 20, 24]
[176, 20, 25]
[176, 20, 27]
[176, 20, 28]
[176, 20, 29]
[176, 20, 30]
[176, 20, 31]
[176, 20, 32]
[176, 2, 125]
[176, 20, 31]
[176, 20, 32]
[176, 20, 33]
[176, 20, 32]
[176, 20, 33]
[176, 20, 34]
[176, 20, 36]
[176, 20, 38]
[176, 20, 41]
[176, 20, 42]
[176, 20, 44]
[176, 20, 45]
[176, 20, 47]
[176, 20, 49]
[176, 20, 52]
[176, 20, 56]
[176, 20, 59]
[176, 20, 62]
[176, 20, 63]
[176, 20, 65]
[176, 20, 66]
[176, 2, 125]
[176, 20, 67]
[176, 20, 66]
[176, 20, 65]
[176, 20, 63]
[176, 20, 59]
[176, 20, 57]
[176, 20, 55]
[176, 20, 53]
[176, 20, 52]
[176, 20, 51]
[176, 20, 52]
[176, 20, 51]
[176, 20, 50]
[176, 20, 49]
[176, 20, 48]
[176, 20, 46]
[176, 20, 45]
[176, 20, 44]
[176, 2, 125]
[176, 20, 43]
[176, 20, 44]
[176, 20, 43]
[176, 20, 44]
[176, 20, 43]
[176, 20, 44]
[176, 20, 45]
[176, 20, 47]
[176, 20, 48]
[176, 20, 49]
[176, 20, 50]
[176, 20, 51]
[176, 20, 52]
[176, 20, 51]
[176, 20, 50]
[176, 20, 49]
[176, 20, 47]
[176, 20, 45]
[176, 20, 44]
[176, 2, 125]
[176, 20, 43]
[176, 20, 42]
[176, 20, 41]
[176, 20, 40]
[176, 20, 41]
[176, 20, 40]
[176, 20, 41]
[176, 20, 42]
[176, 20, 43]
[176, 20, 44]
[176, 20, 45]
[176, 20, 46]
[176, 20, 47]
[176, 20, 46]
[176, 20, 47]
[176, 20, 46]
[176, 20, 45]
[176, 2, 125]
[176, 20, 46]
[176, 20, 45]
[176, 20, 46]
[176, 20, 45]
[176, 20, 46]
[176, 20, 45]
[176, 20, 46]
[176, 20, 47]
[176, 20, 46]
[176, 20, 47]
[176, 20, 46]
[176, 20, 47]
[176, 20, 46]
[176, 20, 47]
[176, 2, 125]
[176, 20, 48]
[176, 20, 47]
[176, 20, 48]
[176, 20, 47]
[176, 20, 48]
[176, 20, 47]
[176, 20, 46]
[176, 20, 45]
[176, 20, 44]
[176, 20, 43]
[176, 20, 44]
[176, 20, 43]
[176, 20, 44]
[176, 20, 43]
[176, 20, 44]
[176, 20, 45]
[176, 2, 125]
[176, 20, 46]
[176, 20, 45]
[176, 20, 46]
[176, 20, 47]
[176, 20, 46]
[176, 20, 45]
[176, 20, 46]
[176, 20, 45]
[176, 20, 44]
[176, 20, 45]
[176, 20, 44]
[176, 20, 45]
[176, 20, 46]
[176, 20, 45]
[176, 20, 44]
[176, 20, 40]
[176, 20, 33]
[176, 20, 25]
[176, 2, 125]
[176, 20, 16]
[176, 20, 9]
[176, 20, 5]
[176, 20, 2]
[176, 20, 0]
[176, 2, 125]
[176, 20, 0]
[176, 2, 125]
[176, 20, 0]
[176, 2, 125]
[176, 20, 0]
[176, 2, 125]
[176, 20, 0]
[176, 2, 125]
[176, 20, 0]
[176, 2, 125]
[176, 20, 0]
[176, 2, 125]
[176, 20, 0]
[176, 2, 125]
[176, 20, 0]
[176, 20, 1]
[176, 20, 16]
[176, 20, 27]
[176, 20, 37]
[176, 20, 46]
[176, 20, 54]
[176, 20, 62]
[176, 20, 71]
[176, 20, 77]
[176, 20, 80]
[176, 20, 79]
[176, 20, 75]
[176, 20, 71]
[176, 2, 125]
[176, 20, 69]
[176, 20, 68]
[176, 20, 69]
[176, 20, 70]
[176, 20, 71]
[176, 20, 70]
[176, 20, 71]
[176, 20, 70]
[176, 20, 69]
[176, 20, 68]
[176, 20, 66]
[176, 20, 63]
[176, 20, 62]
[176, 20, 61]
[176, 20, 62]
[176, 20, 63]
[176, 2, 125]
[176, 20, 65]
[176, 20, 67]
[176, 20, 68]
[176, 20, 70]
[176, 20, 72]
[176, 20, 71]
[176, 20, 70]
[176, 20, 69]
[176, 20, 68]
[176, 20, 67]
[176, 20, 66]
[176, 20, 65]
[176, 20, 64]
[176, 20, 63]
[176, 20, 62]
[176, 20, 61]
[176, 20, 60]
[176, 2, 125]
[176, 20, 59]
[176, 20, 58]
[176, 20, 57]
[176, 20, 56]
[176, 20, 54]
[176, 20, 52]
[176, 20, 51]
[176, 20, 50]
[176, 20, 49]
[176, 20, 47]
[176, 20, 46]
[176, 20, 45]
[176, 20, 46]
[176, 20, 45]
[176, 20, 46]
[176, 20, 45]
[176, 20, 46]
[176, 2, 125]
[176, 20, 45]
[176, 20, 46]
[176, 20, 45]
[176, 20, 46]
[176, 20, 45]
[176, 20, 46]
[176, 20, 47]
[176, 20, 48]
[176, 20, 50]
[176, 20, 53]
[176, 20, 54]
[176, 20, 55]
[176, 20, 54]
[176, 20, 55]
[176, 20, 56]
[176, 20, 57]
[176, 20, 56]
[176, 20, 59]
[176, 2, 125]
[176, 20, 60]
[176, 20, 61]
[176, 20, 62]
[176, 20, 61]
[176, 20, 62]
[176, 20, 63]
[176, 20, 64]
[176, 20, 63]
[176, 20, 65]
[176, 20, 66]
[176, 20, 67]
[176, 20, 68]
[176, 20, 67]
[176, 2, 125]
[176, 20, 68]
[176, 20, 69]
[176, 20, 68]
[176, 20, 69]
[176, 20, 68]
[176, 20, 67]
[176, 20, 66]
[176, 20, 65]
[176, 20, 64]
[176, 20, 62]
[176, 20, 61]
[176, 20, 60]
[176, 20, 59]
[176, 20, 58]
[176, 20, 59]
[176, 2, 125]
[176, 20, 58]
[176, 20, 57]
[176, 20, 56]
[176, 20, 55]
[176, 20, 54]
[176, 20, 53]
[176, 20, 52]
[176, 20, 51]
[176, 20, 52]
[176, 20, 51]
[176, 20, 52]
[176, 20, 50]
[176, 20, 49]
[176, 20, 48]
[176, 20, 47]
[176, 2, 125]
[176, 20, 46]
[176, 20, 47]
[176, 20, 46]
[176, 20, 45]
[176, 20, 44]
[176, 20, 45]
[176, 20, 44]
[176, 20, 45]
[176, 20, 46]
[176, 20, 45]
[176, 20, 44]
[176, 20, 45]
[176, 20, 44]
[176, 20, 45]
[176, 2, 125]
[176, 20, 46]
[176, 20, 45]
[176, 20, 44]
[176, 20, 45]
[176, 20, 44]
[176, 20, 45]
[176, 20, 44]
[176, 20, 43]
[176, 20, 42]
[176, 20, 43]
[176, 20, 41]
[176, 20, 40]
[176, 20, 41]
[176, 20, 40]
[176, 20, 41]
[176, 20, 40]
[176, 20, 41]
[176, 20, 39]
[176, 20, 38]
[176, 2, 125]
[176, 20, 37]
[176, 20, 36]
[176, 20, 35]
[176, 20, 36]
[176, 20, 37]
[176, 20, 38]
[176, 20, 39]
[176, 20, 40]
[176, 20, 41]
[176, 20, 43]
[176, 20, 44]
[176, 20, 45]
[176, 20, 46]
[176, 20, 47]
[176, 20, 48]
[176, 20, 49]
[176, 20, 50]
[176, 2, 125]
[176, 20, 51]
[176, 20, 52]
[176, 20, 51]
[176, 20, 52]
[176, 20, 53]
[176, 20, 52]
[176, 20, 53]
[176, 20, 54]
[176, 20, 55]
[176, 20, 56]
[176, 20, 57]
[176, 20, 58]
[176, 20, 59]
[176, 2, 125]
[176, 20, 58]
[176, 20, 59]
[176, 20, 58]
[176, 20, 59]
[176, 20, 58]
[176, 20, 59]
[176, 20, 58]
[176, 20, 59]
[176, 20, 58]
[176, 20, 59]
[176, 20, 60]
[176, 20, 61]
[176, 20, 62]
[176, 20, 61]
[176, 2, 125]
[176, 20, 63]
[176, 20, 64]
[176, 20, 65]
[176, 20, 66]
[176, 20, 65]
[176, 20, 66]
[176, 20, 67]
[176, 20, 68]
[176, 20, 67]
[176, 20, 68]
[176, 20, 67]
[176, 20, 66]
[176, 20, 65]
[176, 20, 64]
[176, 20, 62]
[176, 20, 61]
[176, 20, 59]
[176, 2, 125]
[176, 20, 58]
[176, 20, 57]
[176, 20, 58]
[176, 20, 57]
[176, 20, 58]
[176, 20, 57]
[176, 20, 56]
[176, 20, 55]
[176, 20, 54]
[176, 20, 53]
[176, 20, 52]
[176, 20, 51]
[176, 20, 52]
[176, 20, 51]
[176, 20, 50]
[176, 20, 51]
[176, 20, 50]
[176, 2, 125]
[176, 20, 51]
[176, 20, 50]
[176, 20, 51]
[176, 20, 50]
[176, 20, 49]
[176, 20, 50]
[176, 20, 49]
[176, 20, 48]
[176, 20, 47]
[176, 20, 46]
[176, 20, 44]
[176, 20, 43]
[176, 20, 42]
[176, 20, 43]
[176, 20, 42]
[176, 20, 43]
[176, 20, 42]
[176, 20, 43]
[176, 2, 125]
[176, 20, 44]
[176, 20, 43]
[176, 20, 44]
[176, 20, 43]
[176, 20, 44]
[176, 20, 43]
[176, 20, 44]
[176, 20, 45]
[176, 20, 46]
[176, 20, 47]
[176, 20, 48]
[176, 20, 49]
[176, 20, 50]
[176, 20, 49]
[176, 20, 50]
[176, 20, 51]
[176, 2, 125]
[176, 20, 52]
[176, 20, 53]
[176, 20, 54]
[176, 20, 55]
[176, 20, 54]
[176, 20, 55]
[176, 20, 54]
[176, 20, 55]
[176, 20, 54]
[176, 2, 124]
[176, 2, 123]
[176, 2, 122]
[176, 20, 55]
[176, 2, 121]
[176, 20, 54]
[176, 2, 120]
[176, 20, 55]
[176, 2, 119]
[176, 2, 118]
[176, 20, 54]
[176, 2, 117]
[176, 20, 55]
[176, 2, 116]
[176, 2, 115]
[176, 20, 54]
[176, 2, 113]
[176, 20, 55]
[176, 2, 112]
[176, 2, 111]
[176, 2, 109]
[176, 20, 54]
[176, 2, 108]
[176, 20, 55]
[176, 2, 107]
[176, 2, 106]
[176, 20, 54]
[176, 2, 105]
[176, 20, 55]
[176, 2, 103]
[176, 20, 54]
[176, 2, 101]
[176, 20, 55]
[176, 2, 99]
[176, 20, 54]
[176, 2, 97]
[176, 20, 55]
[176, 2, 94]
[176, 20, 54]
[176, 2, 91]
[176, 2, 88]
[176, 20, 55]
[176, 2, 87]
[176, 20, 54]
[176, 2, 85]
[176, 20, 55]
[176, 2, 84]
[176, 20, 54]
[176, 2, 82]
[176, 20, 55]
[176, 2, 81]
[176, 20, 54]
[176, 2, 79]
[176, 20, 55]
[176, 2, 77]
[176, 2, 75]
[176, 2, 74]
[176, 2, 73]
[176, 2, 71]
[176, 2, 70]
[176, 20, 54]
[176, 2, 69]
[176, 20, 55]
[176, 2, 68]
[176, 20, 54]
[176, 2, 66]
[176, 20, 55]
[176, 2, 65]
[176, 20, 54]
[176, 2, 64]
[176, 20, 55]
[176, 2, 63]
[176, 20, 54]
[176, 2, 62]
[176, 2, 61]
[176, 20, 55]
[176, 20, 54]
[176, 2, 60]
[176, 20, 55]
[176, 20, 54]
[176, 2, 59]
[176, 20, 55]
[176, 20, 54]
[176, 20, 55]
[176, 2, 58]
[176, 20, 54]
[176, 2, 57]
[176, 20, 55]
[176, 2, 56]
[176, 20, 54]
[176, 2, 54]
[176, 20, 55]
[176, 2, 53]
[176, 2, 52]
[176, 20, 54]
[176, 20, 55]
[176, 20, 54]
[176, 2, 51]
[176, 20, 55]
[176, 2, 50]
[176, 2, 49]
[176, 20, 56]
[176, 2, 48]
[176, 20, 55]
[176, 2, 46]
[176, 2, 43]
[176, 20, 56]
[176, 2, 39]
[176, 20, 55]
[176, 2, 35]
[176, 20, 56]
[176, 2, 31]
[176, 20, 55]
[176, 2, 29]
[176, 20, 56]
[176, 2, 28]
[176, 2, 27]
[176, 20, 55]
[176, 20, 56]
[176, 2, 26]
[176, 2, 25]
[176, 20, 55]
[176, 2, 23]
[176, 20, 56]
[176, 2, 20]
[176, 20, 55]
[176, 2, 17]
[176, 20, 56]
[176, 2, 16]
[176, 20, 55]
[176, 2, 15]
[176, 20, 54]
[176, 20, 55]
[176, 2, 16]
[176, 20, 54]
[176, 20, 55]
[176, 2, 15]
[176, 2, 13]
[176, 2, 10]
[176, 20, 54]
[176, 2, 8]
[176, 20, 55]
[176, 2, 7]
[176, 20, 54]
[176, 20, 55]
[176, 2, 8]
[176, 2, 9]
[176, 2, 10]
[176, 2, 11]
[176, 2, 10]
[176, 2, 5]
[176, 20, 56]
[176, 2, 2]
[176, 20, 55]
[176, 2, 1]
[176, 2, 0]
[176, 20, 56]
[176, 20, 55]
[176, 20, 56]
[176, 20, 55]
[176, 20, 56]
[176, 20, 55]
[176, 20, 54]
[176, 20, 56]
[176, 20, 55]
[176, 20, 56]
[176, 20, 55]
[176, 20, 56]
[176, 20, 55]
[176, 2, 0]
[176, 20, 54]
[176, 20, 55]
[176, 20, 54]
[176, 20, 55]
[176, 20, 54]
[176, 20, 53]
[176, 20, 54]
[176, 20, 53]
[176, 20, 52]
[176, 20, 51]
[176, 20, 50]
[176, 20, 51]
[176, 20, 52]
[176, 20, 48]
[176, 2, 0]
[176, 20, 40]
[176, 20, 32]
[176, 20, 25]
[176, 20, 15]
[176, 20, 8]
[176, 20, 3]
[176, 20, 0]
[176, 2, 0]
[176, 20, 0]
[176, 2, 0]
[176, 20, 0]
[176, 2, 0]
[176, 20, 0]
^Cnoldeni@elrond:~/Projects$ 
