
noldeni@elrond:~/Projects$ python3 midiutil/midiutil.py -d 1 -r
[176, 20, 0]
[176, 2, 125]
[176, 20, 0]
[176, 2, 125]
[176, 20, 0]
[176, 2, 125]
[176, 20, 0]
[176, 2, 125]
[176, 20, 0]
[176, 2, 125]
[176, 20, 0]
[176, 2, 125]
[176, 20, 0]
[176, 2, 125]
[176, 20, 0]
[176, 2, 125]
[176, 20, 0]
[176, 2, 125]
[176, 20, 0]
[176, 2, 125]
[176, 20, 0]
[176, 2, 125]
[176, 20, 0]
[176, 2, 125]
[176, 20, 0]
[176, 2, 125]
[176, 20, 0]
[176, 2, 125]
[176, 20, 0]
[176, 2, 125]
[176, 20, 0]
[176, 2, 125]
[176, 20, 0]
[176, 2, 125]
[176, 20, 0]
[176, 2, 125]
[176, 20, 0]
[176, 2, 125]
[176, 20, 0]
[176, 2, 125]
[176, 20, 0]
[176, 2, 125]
[176, 20, 0]
[176, 2, 125]
[176, 20, 0]
[176, 2, 125]
[176, 20, 0]
[176, 2, 125]
[176, 20, 0]
[176, 2, 125]
[176, 20, 0]
[176, 2, 125]
[176, 20, 0]
[176, 2, 125]
[176, 20, 0]
[176, 2, 125]
[176, 20, 0]
[176, 2, 125]
[176, 20, 0]
[176, 2, 125]
[176, 20, 0]
[176, 2, 125]
[176, 20, 0]
[176, 2, 125]
[176, 20, 0]
[176, 2, 125]
[176, 20, 0]
[176, 2, 125]
[176, 20, 0]
[176, 2, 125]
[176, 20, 0]
[176, 2, 125]
[176, 20, 0]
[176, 2, 125]
[176, 20, 0]
[176, 2, 125]
[176, 20, 0]
[176, 2, 125]
[176, 20, 0]
[176, 2, 125]
[176, 20, 0]
[176, 2, 125]
[176, 20, 0]
[176, 2, 125]
[176, 20, 0]
[176, 2, 125]
[176, 20, 0]
[176, 2, 125]
[176, 20, 0]
[176, 2, 125]
[176, 20, 0]
[176, 2, 125]
[176, 20, 0]
[176, 2, 125]
[176, 20, 0]
[176, 2, 125]
[176, 20, 0]
[176, 2, 125]
[176, 20, 0]
[176, 2, 125]
[176, 20, 0]
[176, 2, 125]
[176, 20, 0]
[176, 2, 125]
[176, 20, 0]
[176, 2, 125]
[176, 20, 0]
[176, 2, 125]
[176, 20, 0]
[176, 2, 125]
[176, 20, 0]
[176, 2, 125]
[176, 20, 0]
[176, 2, 125]
[176, 20, 0]
[176, 2, 125]
[176, 20, 0]
[176, 2, 125]
[176, 20, 0]
[176, 2, 125]
[176, 20, 0]
[176, 2, 125]
[176, 20, 0]
[176, 2, 125]
[176, 20, 0]
[176, 2, 125]
[176, 20, 0]
[176, 2, 125]
[176, 20, 0]
[176, 2, 125]
[176, 20, 0]
[176, 2, 125]
[176, 20, 0]
[176, 2, 125]
[176, 20, 0]
[176, 2, 125]
[176, 20, 0]
[176, 2, 125]
[176, 20, 0]
[176, 2, 125]
[176, 20, 0]
[176, 2, 125]
[176, 20, 0]
[176, 2, 125]
[176, 20, 0]
[176, 2, 125]
[176, 20, 0]
[176, 2, 125]
[176, 20, 0]
[176, 2, 125]
[176, 20, 0]
[176, 2, 125]
[176, 20, 0]
[176, 2, 125]
[176, 20, 0]
[176, 2, 125]
[176, 20, 0]
[176, 2, 125]
[176, 20, 0]
[176, 2, 125]
[176, 20, 0]
[176, 2, 125]
[176, 20, 0]
[176, 2, 125]
[176, 20, 0]
[176, 2, 125]
[176, 20, 0]
[176, 2, 125]
[176, 20, 0]
[176, 2, 125]
[176, 20, 0]
[176, 2, 125]
[176, 20, 0]
[176, 2, 125]
[176, 20, 0]
[176, 2, 125]
^Cnoldeni@elrond:~/Projects$ 
