
noldeni@elrond:~/Projects$ python3 midiutil/midiutil.py -d 1 -r
[176, 20, 0]
[176, 2, 125]
[176, 20, 0]
[176, 2, 125]
[176, 20, 0]
[176, 2, 125]
[176, 20, 0]
[176, 2, 125]
[176, 20, 0]
[176, 2, 125]
[176, 20, 0]
[176, 2, 125]
[176, 20, 0]
[176, 2, 125]
[176, 20, 0]
[176, 2, 125]
[176, 20, 0]
[176, 2, 125]
[176, 20, 0]
[176, 2, 125]
[176, 20, 0]
[176, 2, 125]
[176, 20, 0]
[176, 2, 125]
[176, 20, 0]
[176, 2, 125]
[176, 20, 0]
[176, 2, 125]
[176, 20, 0]
[176, 2, 125]
[176, 20, 0]
[176, 2, 125]
[176, 20, 0]
[176, 2, 125]
[176, 20, 0]
[176, 2, 125]
[176, 20, 0]
[176, 2, 125]
[176, 20, 0]
[176, 2, 125]
[176, 20, 0]
[176, 2, 125]
[176, 20, 0]
[176, 2, 125]
[176, 20, 0]
[176, 2, 125]
[176, 20, 0]
[176, 2, 125]
[176, 20, 0]
[176, 2, 125]
[176, 20, 0]
[176, 2, 125]
[176, 20, 0]
[176, 2, 125]
[176, 20, 0]
[176, 2, 125]
[176, 20, 0]
[176, 2, 125]
[176, 20, 0]
[176, 2, 125]
[176, 20, 0]
[176, 2, 125]
[176, 20, 0]
[176, 2, 125]
[176, 20, 0]
[176, 2, 125]
[176, 20, 0]
[176, 2, 125]
[176, 20, 0]
[176, 2, 125]
[176, 20, 0]
[176, 2, 125]
[176, 20, 0]
[176, 2, 125]
[176, 20, 0]
[176, 2, 125]
[176, 20, 1]
[176, 20, 3]
[176, 20, 5]
[176, 20, 7]
[176, 20, 9]
[176, 20, 11]
[176, 20, 13]
[176, 20, 15]
[176, 20, 17]
[176, 20, 18]
[176, 20, 20]
[176, 20, 21]
[176, 20, 23]
[176, 20, 25]
[176, 2, 125]
[176, 20, 27]
[176, 20, 29]
[176, 20, 31]
[176, 20, 33]
[176, 20, 35]
[176, 20, 37]
[176, 20, 39]
[176, 20, 40]
[176, 20, 41]
[176, 20, 43]
[176, 20, 46]
[176, 20, 47]
[176, 20, 50]
[176, 20, 52]
[176, 20, 55]
[176, 20, 58]
[176, 20, 60]
[176, 20, 63]
[176, 20, 65]
[176, 20, 68]
[176, 2, 125]
[176, 20, 70]
[176, 20, 72]
[176, 20, 74]
[176, 20, 76]
[176, 20, 79]
[176, 20, 81]
[176, 20, 84]
[176, 20, 87]
[176, 20, 91]
[176, 20, 94]
[176, 20, 97]
[176, 20, 100]
[176, 20, 103]
[176, 20, 105]
[176, 20, 108]
[176, 20, 111]
[176, 20, 113]
[176, 20, 115]
[176, 20, 116]
[176, 20, 117]
[176, 2, 125]
[176, 20, 118]
[176, 20, 119]
[176, 20, 120]
[176, 20, 121]
[176, 20, 120]
[176, 20, 119]
[176, 20, 118]
[176, 20, 115]
[176, 20, 112]
[176, 20, 109]
[176, 20, 106]
[176, 20, 102]
[176, 20, 99]
[176, 20, 96]
[176, 20, 92]
[176, 20, 88]
[176, 20, 84]
[176, 2, 125]
[176, 20, 80]
[176, 20, 76]
[176, 20, 72]
[176, 20, 67]
[176, 20, 63]
[176, 20, 59]
[176, 20, 55]
[176, 20, 51]
[176, 20, 47]
[176, 20, 42]
[176, 20, 38]
[176, 20, 34]
[176, 20, 30]
[176, 20, 27]
[176, 20, 23]
[176, 20, 19]
[176, 20, 16]
[176, 20, 13]
[176, 20, 10]
[176, 20, 7]
[176, 20, 5]
[176, 2, 125]
[176, 20, 2]
[176, 20, 0]
[176, 2, 125]
[176, 20, 0]
[176, 20, 1]
[176, 20, 3]
[176, 20, 5]
[176, 20, 8]
[176, 20, 10]
[176, 20, 13]
[176, 20, 15]
[176, 20, 18]
[176, 20, 20]
[176, 20, 23]
[176, 20, 25]
[176, 20, 28]
[176, 20, 32]
[176, 20, 35]
[176, 20, 39]
[176, 20, 43]
[176, 2, 125]
[176, 20, 47]
[176, 20, 51]
[176, 20, 55]
[176, 20, 59]
[176, 20, 62]
[176, 20, 66]
[176, 20, 70]
[176, 20, 74]
[176, 20, 79]
[176, 20, 83]
[176, 20, 87]
[176, 20, 91]
[176, 20, 94]
[176, 20, 97]
[176, 20, 101]
[176, 20, 103]
[176, 20, 106]
[176, 20, 107]
[176, 20, 109]
[176, 20, 110]
[176, 20, 112]
[176, 2, 125]
[176, 20, 113]
[176, 20, 114]
[176, 20, 115]
[176, 20, 114]
[176, 20, 113]
[176, 20, 112]
[176, 20, 110]
[176, 20, 107]
[176, 20, 104]
[176, 20, 101]
[176, 20, 96]
[176, 20, 91]
[176, 20, 86]
[176, 20, 81]
[176, 20, 76]
[176, 20, 70]
[176, 20, 63]
[176, 20, 58]
[176, 2, 125]
[176, 20, 53]
[176, 20, 49]
[176, 20, 45]
[176, 20, 41]
[176, 20, 37]
[176, 20, 34]
[176, 20, 31]
[176, 20, 28]
[176, 20, 25]
[176, 20, 22]
[176, 20, 19]
[176, 20, 17]
[176, 20, 15]
[176, 20, 13]
[176, 20, 10]
[176, 20, 9]
[176, 20, 8]
[176, 20, 6]
[176, 20, 5]
[176, 2, 125]
[176, 20, 6]
[176, 20, 7]
[176, 20, 8]
[176, 20, 9]
[176, 20, 11]
[176, 20, 13]
[176, 20, 15]
[176, 20, 19]
[176, 20, 21]
[176, 20, 24]
[176, 20, 27]
[176, 20, 29]
[176, 20, 32]
[176, 20, 35]
[176, 20, 38]
[176, 20, 41]
[176, 20, 45]
[176, 20, 49]
[176, 20, 52]
[176, 20, 57]
[176, 2, 125]
[176, 20, 61]
[176, 20, 65]
[176, 20, 68]
[176, 20, 72]
[176, 20, 75]
[176, 20, 79]
[176, 20, 83]
[176, 20, 86]
[176, 20, 89]
[176, 20, 91]
[176, 20, 94]
[176, 20, 97]
[176, 20, 100]
[176, 20, 103]
[176, 20, 107]
[176, 20, 109]
[176, 20, 112]
[176, 20, 114]
[176, 2, 125]
[176, 20, 113]
[176, 20, 112]
[176, 20, 110]
[176, 20, 108]
[176, 20, 105]
[176, 20, 101]
[176, 20, 97]
[176, 20, 93]
[176, 20, 89]
[176, 20, 85]
[176, 20, 81]
[176, 20, 75]
[176, 20, 71]
[176, 20, 67]
[176, 20, 63]
[176, 20, 59]
[176, 20, 56]
[176, 20, 52]
[176, 20, 48]
[176, 20, 45]
[176, 20, 41]
[176, 2, 125]
[176, 20, 38]
[176, 20, 34]
[176, 20, 30]
[176, 20, 26]
[176, 20, 24]
[176, 20, 21]
[176, 20, 18]
[176, 20, 15]
[176, 20, 12]
[176, 20, 11]
[176, 20, 9]
[176, 20, 8]
[176, 20, 7]
[176, 20, 6]
[176, 20, 7]
[176, 20, 8]
[176, 20, 9]
[176, 20, 11]
[176, 20, 14]
[176, 2, 125]
[176, 20, 17]
[176, 20, 20]
[176, 20, 23]
[176, 20, 26]
[176, 20, 29]
[176, 20, 30]
[176, 20, 36]
[176, 20, 39]
[176, 20, 42]
[176, 20, 45]
[176, 20, 47]
[176, 20, 51]
[176, 20, 54]
[176, 20, 57]
[176, 20, 60]
[176, 20, 64]
[176, 20, 67]
[176, 20, 71]
[176, 20, 75]
[176, 20, 78]
[176, 2, 125]
[176, 20, 81]
[176, 20, 84]
[176, 20, 86]
[176, 20, 90]
[176, 20, 92]
[176, 20, 95]
[176, 20, 97]
[176, 20, 100]
[176, 20, 103]
[176, 20, 107]
[176, 20, 109]
[176, 20, 111]
[176, 20, 113]
[176, 20, 114]
[176, 20, 115]
[176, 20, 116]
[176, 20, 117]
[176, 2, 125]
[176, 20, 116]
[176, 20, 115]
[176, 20, 114]
[176, 20, 111]
[176, 20, 107]
[176, 20, 104]
[176, 20, 100]
[176, 20, 96]
[176, 20, 92]
[176, 20, 88]
[176, 20, 83]
[176, 20, 79]
[176, 20, 75]
[176, 20, 71]
[176, 20, 67]
[176, 20, 62]
[176, 20, 57]
[176, 20, 52]
[176, 20, 47]
[176, 2, 125]
[176, 20, 42]
[176, 20, 37]
[176, 20, 31]
[176, 20, 25]
[176, 20, 20]
[176, 20, 15]
[176, 20, 11]
[176, 20, 8]
[176, 20, 4]
[176, 20, 1]
[176, 20, 0]
[176, 2, 125]
[176, 20, 0]
[176, 2, 125]
[176, 20, 0]
[176, 2, 125]
^Cnoldeni@elrond:~/Projects$ 
