
noldeni@elrond:~/Projects$ python3 midiutil/midiutil.py -d 1 -r
[176, 20, 0]
[176, 2, 125]
[176, 20, 0]
[176, 2, 125]
[176, 20, 0]
[176, 2, 125]
[176, 20, 0]
[176, 2, 125]
[176, 20, 0]
[176, 2, 125]
[176, 20, 0]
[176, 2, 125]
[176, 20, 0]
[176, 2, 125]
[176, 20, 0]
[176, 2, 125]
[176, 20, 0]
[176, 2, 125]
[176, 20, 0]
[176, 2, 125]
[176, 20, 0]
[176, 2, 125]
[176, 20, 0]
[176, 2, 125]
[176, 20, 0]
[176, 2, 125]
[176, 20, 0]
[176, 2, 125]
[176, 20, 0]
[176, 2, 125]
[176, 20, 0]
[176, 2, 125]
[176, 20, 0]
[176, 2, 125]
[176, 20, 0]
[176, 2, 125]
[176, 20, 0]
[176, 2, 125]
[176, 20, 0]
[176, 2, 125]
[176, 20, 0]
[176, 2, 125]
[176, 20, 0]
[176, 2, 125]
[176, 20, 0]
[176, 2, 125]
[176, 20, 0]
[176, 2, 125]
[176, 20, 0]
[176, 2, 125]
[176, 20, 0]
[176, 2, 125]
[176, 20, 0]
[176, 2, 125]
[176, 20, 0]
[176, 2, 125]
[176, 20, 0]
[176, 2, 125]
[176, 20, 0]
[176, 2, 125]
[176, 20, 0]
[176, 2, 125]
[176, 20, 0]
[176, 2, 125]
[176, 20, 0]
[176, 2, 125]
[176, 20, 0]
[176, 2, 125]
[176, 20, 0]
[176, 2, 125]
[176, 20, 0]
[176, 2, 125]
[176, 20, 0]
[176, 2, 125]
[176, 20, 0]
[176, 20, 1]
[176, 20, 12]
[176, 20, 22]
[176, 20, 30]
[176, 20, 38]
[176, 20, 44]
[176, 20, 50]
[176, 2, 125]
[176, 20, 55]
[176, 20, 59]
[176, 20, 61]
[176, 20, 62]
[176, 20, 61]
[176, 20, 62]
[176, 20, 63]
[176, 20, 65]
[176, 20, 66]
[176, 20, 67]
[176, 20, 68]
[176, 20, 67]
[176, 20, 68]
[176, 20, 67]
[176, 20, 68]
[176, 2, 125]
[176, 20, 67]
[176, 20, 68]
[176, 20, 69]
[176, 20, 68]
[176, 20, 69]
[176, 20, 68]
[176, 20, 69]
[176, 20, 68]
[176, 20, 69]
[176, 20, 68]
[176, 20, 69]
[176, 20, 68]
[176, 20, 67]
[176, 20, 66]
[176, 20, 67]
[176, 2, 125]
[176, 20, 68]
[176, 20, 69]
[176, 20, 70]
[176, 20, 71]
[176, 20, 72]
[176, 20, 73]
[176, 20, 74]
[176, 20, 73]
[176, 20, 74]
[176, 20, 73]
[176, 20, 72]
[176, 20, 71]
[176, 20, 72]
[176, 2, 125]
[176, 20, 71]
[176, 20, 72]
[176, 20, 71]
[176, 20, 70]
[176, 20, 71]
[176, 20, 70]
[176, 20, 71]
[176, 20, 70]
[176, 20, 71]
[176, 20, 70]
[176, 20, 71]
[176, 20, 70]
[176, 20, 69]
[176, 20, 70]
[176, 20, 69]
[176, 20, 70]
[176, 2, 125]
[176, 20, 69]
[176, 20, 70]
[176, 20, 69]
[176, 20, 70]
[176, 20, 71]
[176, 20, 70]
[176, 20, 69]
[176, 20, 70]
[176, 20, 69]
[176, 20, 70]
[176, 2, 125]
[176, 20, 69]
[176, 20, 70]
[176, 20, 69]
[176, 20, 68]
[176, 20, 69]
[176, 20, 68]
[176, 20, 67]
[176, 20, 68]
[176, 20, 67]
[176, 20, 68]
[176, 20, 67]
[176, 20, 68]
[176, 20, 67]
[176, 20, 68]
[176, 20, 67]
[176, 2, 125]
[176, 20, 66]
[176, 20, 65]
[176, 20, 64]
[176, 20, 63]
[176, 20, 62]
[176, 20, 61]
[176, 20, 62]
[176, 20, 63]
[176, 20, 64]
[176, 20, 65]
[176, 20, 66]
[176, 20, 67]
[176, 2, 125]
[176, 20, 68]
[176, 20, 69]
[176, 20, 68]
[176, 20, 67]
[176, 20, 68]
[176, 20, 67]
[176, 20, 66]
[176, 20, 67]
[176, 20, 66]
[176, 20, 67]
[176, 20, 68]
[176, 20, 69]
[176, 20, 70]
[176, 2, 125]
[176, 20, 71]
[176, 20, 70]
[176, 20, 71]
[176, 20, 70]
[176, 20, 69]
[176, 20, 70]
[176, 20, 69]
[176, 2, 124]
[176, 20, 70]
[176, 20, 69]
[176, 20, 70]
[176, 20, 69]
[176, 20, 70]
[176, 20, 69]
[176, 20, 70]
[176, 20, 69]
[176, 20, 70]
[176, 20, 69]
[176, 20, 70]
[176, 20, 69]
[176, 20, 70]
[176, 20, 69]
[176, 2, 123]
[176, 20, 70]
[176, 20, 69]
[176, 20, 70]
[176, 2, 122]
[176, 2, 121]
[176, 2, 120]
[176, 2, 119]
[176, 2, 117]
[176, 2, 115]
[176, 2, 112]
[176, 20, 69]
[176, 2, 110]
[176, 20, 70]
[176, 2, 107]
[176, 20, 71]
[176, 2, 105]
[176, 2, 102]
[176, 2, 100]
[176, 2, 98]
[176, 20, 70]
[176, 2, 97]
[176, 20, 71]
[176, 2, 96]
[176, 2, 95]
[176, 2, 93]
[176, 2, 91]
[176, 20, 72]
[176, 2, 89]
[176, 20, 71]
[176, 2, 87]
[176, 20, 72]
[176, 2, 85]
[176, 20, 71]
[176, 2, 84]
[176, 20, 72]
[176, 2, 83]
[176, 2, 82]
[176, 2, 81]
[176, 20, 71]
[176, 2, 80]
[176, 20, 72]
[176, 20, 71]
[176, 20, 72]
[176, 20, 71]
[176, 20, 72]
[176, 2, 79]
[176, 2, 78]
[176, 2, 79]
[176, 2, 82]
[176, 2, 84]
[176, 2, 87]
[176, 20, 73]
[176, 2, 90]
[176, 20, 72]
[176, 2, 94]
[176, 20, 73]
[176, 2, 96]
[176, 20, 72]
[176, 2, 99]
[176, 2, 101]
[176, 2, 104]
[176, 20, 71]
[176, 2, 107]
[176, 20, 72]
[176, 2, 109]
[176, 2, 111]
[176, 20, 73]
[176, 2, 113]
[176, 20, 72]
[176, 2, 114]
[176, 20, 73]
[176, 2, 116]
[176, 20, 72]
[176, 2, 118]
[176, 20, 73]
[176, 2, 119]
[176, 2, 120]
[176, 20, 72]
[176, 2, 121]
[176, 20, 73]
[176, 2, 122]
[176, 20, 72]
[176, 2, 123]
[176, 20, 73]
[176, 20, 72]
[176, 2, 124]
[176, 20, 73]
[176, 20, 72]
[176, 20, 73]
[176, 20, 72]
[176, 20, 73]
[176, 20, 72]
[176, 20, 73]
[176, 2, 123]
[176, 2, 122]
[176, 20, 74]
[176, 2, 120]
[176, 20, 73]
[176, 2, 119]
[176, 2, 117]
[176, 20, 72]
[176, 2, 114]
[176, 2, 112]
[176, 20, 71]
[176, 2, 109]
[176, 20, 72]
[176, 2, 106]
[176, 20, 71]
[176, 2, 103]
[176, 20, 72]
[176, 2, 99]
[176, 2, 94]
[176, 20, 73]
[176, 2, 91]
[176, 2, 88]
[176, 2, 85]
[176, 20, 74]
[176, 2, 82]
[176, 20, 73]
[176, 2, 81]
[176, 20, 74]
[176, 2, 79]
[176, 20, 75]
[176, 2, 78]
[176, 20, 74]
[176, 2, 77]
[176, 20, 75]
[176, 2, 76]
[176, 20, 76]
[176, 2, 77]
[176, 2, 81]
[176, 2, 88]
[176, 2, 95]
[176, 2, 101]
[176, 20, 77]
[176, 2, 106]
[176, 2, 110]
[176, 2, 113]
[176, 20, 78]
[176, 2, 117]
[176, 2, 119]
[176, 2, 121]
[176, 2, 122]
[176, 2, 123]
[176, 2, 124]
[176, 20, 79]
[176, 20, 78]
[176, 2, 125]
[176, 20, 79]
[176, 20, 78]
[176, 20, 79]
[176, 20, 78]
[176, 2, 124]
[176, 20, 79]
[176, 2, 123]
[176, 20, 78]
[176, 2, 122]
[176, 2, 121]
[176, 2, 120]
[176, 2, 119]
[176, 2, 118]
[176, 2, 117]
[176, 20, 79]
[176, 2, 116]
[176, 2, 114]
[176, 20, 78]
[176, 20, 79]
[176, 2, 113]
[176, 2, 111]
[176, 20, 78]
[176, 2, 109]
[176, 20, 79]
[176, 2, 107]
[176, 20, 78]
[176, 2, 106]
[176, 20, 79]
[176, 2, 103]
[176, 20, 78]
[176, 2, 101]
[176, 20, 79]
[176, 2, 99]
[176, 2, 97]
[176, 2, 94]
[176, 2, 92]
[176, 20, 80]
[176, 2, 90]
[176, 20, 79]
[176, 2, 88]
[176, 20, 80]
[176, 2, 85]
[176, 20, 79]
[176, 2, 82]
[176, 20, 80]
[176, 2, 79]
[176, 20, 79]
[176, 2, 77]
[176, 20, 80]
[176, 2, 75]
[176, 20, 79]
[176, 2, 73]
[176, 20, 80]
[176, 2, 70]
[176, 20, 79]
[176, 2, 68]
[176, 20, 80]
[176, 2, 66]
[176, 2, 62]
[176, 2, 59]
[176, 2, 56]
[176, 2, 54]
[176, 2, 51]
[176, 2, 48]
[176, 2, 47]
[176, 20, 79]
[176, 2, 46]
[176, 20, 80]
[176, 2, 45]
[176, 20, 79]
[176, 2, 44]
[176, 20, 80]
[176, 20, 79]
[176, 2, 43]
[176, 20, 80]
[176, 2, 42]
[176, 20, 79]
[176, 2, 43]
[176, 20, 80]
[176, 2, 49]
[176, 20, 79]
[176, 2, 58]
[176, 20, 80]
[176, 2, 67]
[176, 20, 79]
[176, 2, 75]
[176, 20, 80]
[176, 2, 84]
[176, 20, 81]
[176, 2, 90]
[176, 20, 80]
[176, 2, 95]
[176, 2, 100]
[176, 20, 81]
[176, 2, 104]
[176, 2, 107]
[176, 2, 111]
[176, 2, 113]
[176, 20, 82]
[176, 2, 114]
[176, 20, 81]
[176, 2, 116]
[176, 20, 82]
[176, 2, 117]
[176, 20, 81]
[176, 2, 118]
[176, 20, 82]
[176, 2, 119]
[176, 2, 120]
[176, 2, 121]
[176, 20, 83]
[176, 2, 122]
[176, 20, 82]
[176, 20, 83]
[176, 2, 123]
[176, 20, 82]
[176, 20, 83]
[176, 2, 122]
[176, 20, 82]
[176, 2, 121]
[176, 20, 83]
[176, 2, 118]
[176, 20, 82]
[176, 2, 115]
[176, 2, 112]
[176, 20, 81]
[176, 2, 108]
[176, 20, 82]
[176, 2, 103]
[176, 20, 81]
[176, 2, 99]
[176, 2, 94]
[176, 2, 87]
[176, 2, 80]
[176, 2, 72]
[176, 2, 64]
[176, 2, 59]
[176, 20, 80]
[176, 2, 53]
[176, 2, 52]
[176, 2, 51]
[176, 2, 47]
[176, 20, 79]
[176, 2, 44]
[176, 20, 80]
[176, 2, 45]
[176, 2, 52]
[176, 20, 81]
[176, 2, 67]
[176, 2, 78]
[176, 20, 82]
[176, 2, 86]
[176, 2, 93]
[176, 2, 98]
[176, 2, 103]
[176, 20, 83]
[176, 2, 107]
[176, 20, 82]
[176, 2, 110]
[176, 2, 112]
[176, 2, 114]
[176, 20, 81]
[176, 2, 116]
[176, 20, 82]
[176, 2, 117]
[176, 20, 83]
[176, 20, 84]
[176, 2, 116]
[176, 2, 114]
[176, 2, 111]
[176, 20, 85]
[176, 2, 108]
[176, 20, 84]
[176, 2, 103]
[176, 20, 85]
[176, 2, 98]
[176, 2, 92]
[176, 20, 84]
[176, 2, 90]
[176, 20, 85]
[176, 2, 89]
[176, 20, 84]
[176, 20, 85]
[176, 2, 88]
[176, 20, 84]
[176, 2, 87]
[176, 20, 85]
[176, 2, 83]
[176, 20, 84]
[176, 2, 80]
[176, 20, 85]
[176, 2, 78]
[176, 20, 84]
[176, 2, 77]
[176, 2, 76]
[176, 2, 75]
[176, 2, 76]
[176, 20, 85]
[176, 2, 79]
[176, 20, 84]
[176, 2, 86]
[176, 20, 85]
[176, 2, 94]
[176, 20, 84]
[176, 2, 100]
[176, 20, 85]
[176, 2, 107]
[176, 20, 84]
[176, 2, 110]
[176, 20, 85]
[176, 2, 113]
[176, 2, 115]
[176, 2, 116]
[176, 2, 118]
[176, 2, 119]
[176, 20, 84]
[176, 2, 118]
[176, 20, 85]
[176, 2, 117]
[176, 20, 84]
[176, 2, 115]
[176, 2, 112]
[176, 2, 108]
[176, 2, 103]
[176, 2, 96]
[176, 2, 90]
[176, 20, 85]
[176, 2, 83]
[176, 20, 84]
[176, 2, 79]
[176, 20, 85]
[176, 2, 81]
[176, 20, 84]
[176, 2, 88]
[176, 20, 85]
[176, 2, 96]
[176, 20, 84]
[176, 2, 103]
[176, 2, 109]
[176, 20, 83]
[176, 2, 113]
[176, 20, 84]
[176, 2, 115]
[176, 2, 117]
[176, 20, 85]
[176, 20, 84]
[176, 20, 85]
[176, 2, 116]
[176, 20, 84]
[176, 2, 113]
[176, 2, 109]
[176, 2, 105]
[176, 20, 83]
[176, 2, 99]
[176, 20, 84]
[176, 2, 93]
[176, 20, 83]
[176, 2, 86]
[176, 20, 84]
[176, 2, 81]
[176, 20, 83]
[176, 2, 78]
[176, 20, 84]
[176, 2, 80]
[176, 20, 85]
[176, 2, 88]
[176, 2, 97]
[176, 2, 104]
[176, 2, 110]
[176, 2, 115]
[176, 2, 118]
[176, 20, 86]
[176, 2, 121]
[176, 20, 85]
[176, 2, 122]
[176, 2, 123]
[176, 20, 84]
[176, 2, 124]
[176, 20, 83]
[176, 2, 125]
[176, 20, 81]
[176, 20, 76]
[176, 20, 69]
[176, 20, 59]
[176, 20, 46]
[176, 20, 33]
[176, 20, 16]
[176, 20, 4]
[176, 20, 0]
[176, 2, 125]
[176, 20, 0]
[176, 2, 125]
[176, 20, 0]
[176, 2, 125]
[176, 20, 0]
^Cnoldeni@elrond:~/Projects$ 
